This is pdfTeX, Version 3.1415926-1.40.10 (TeX Live 2009) (format=pdflatex 2009.12.16)  26 FEB 2010 14:27
entering extended mode
 %&-line parsing enabled.
**manual.ltx
(./manual.ltx
LaTeX2e <2009/09/24>
Babel <v3.8l> and hyphenation patterns for english, usenglishmax, dumylang, noh
yphenation, german-x-2009-06-19, ngerman-x-2009-06-19, ancientgreek, ibycus, ar
abic, basque, bulgarian, catalan, pinyin, coptic, croatian, czech, danish, dutc
h, esperanto, estonian, farsi, finnish, french, galician, german, ngerman, mono
greek, greek, hungarian, icelandic, indonesian, interlingua, irish, italian, ku
rmanji, latin, latvian, lithuanian, mongolian, mongolian2a, bokmal, nynorsk, po
lish, portuguese, romanian, russian, sanskrit, serbian, slovak, slovenian, span
ish, swedish, turkish, ukenglish, ukrainian, uppersorbian, welsh, loaded.
(/usr/local/texlive/2009/texmf-dist/tex/latex/base/book.cls
Document Class: book 2007/10/19 v1.4h Standard LaTeX document class
(/usr/local/texlive/2009/texmf-dist/tex/latex/base/bk11.clo
File: bk11.clo 2007/10/19 v1.4h Standard LaTeX file (size option)
)
\c@part=\count79
\c@chapter=\count80
\c@section=\count81
\c@subsection=\count82
\c@subsubsection=\count83
\c@paragraph=\count84
\c@subparagraph=\count85
\c@figure=\count86
\c@table=\count87
\abovecaptionskip=\skip41
\belowcaptionskip=\skip42
\bibindent=\dimen102
)
(/usr/local/texlive/2009/texmf-dist/tex/latex/amsfonts/amssymb.sty
Package: amssymb 2009/06/22 v3.00

(/usr/local/texlive/2009/texmf-dist/tex/latex/amsfonts/amsfonts.sty
Package: amsfonts 2009/06/22 v3.00 Basic AMSFonts support
\@emptytoks=\toks14
\symAMSa=\mathgroup4
\symAMSb=\mathgroup5
LaTeX Font Info:    Overwriting math alphabet `\mathfrak' in version `bold'
(Font)                  U/euf/m/n --> U/euf/b/n on input line 96.
))
(/usr/local/texlive/2009/texmf-dist/tex/latex/amsmath/amsmath.sty
Package: amsmath 2000/07/18 v2.13 AMS math features
\@mathmargin=\skip43

For additional information on amsmath, use the `?' option.
(/usr/local/texlive/2009/texmf-dist/tex/latex/amsmath/amstext.sty
Package: amstext 2000/06/29 v2.01

(/usr/local/texlive/2009/texmf-dist/tex/latex/amsmath/amsgen.sty
File: amsgen.sty 1999/11/30 v2.0
\@emptytoks=\toks15
\ex@=\dimen103
))
(/usr/local/texlive/2009/texmf-dist/tex/latex/amsmath/amsbsy.sty
Package: amsbsy 1999/11/29 v1.2d
\pmbraise@=\dimen104
)
(/usr/local/texlive/2009/texmf-dist/tex/latex/amsmath/amsopn.sty
Package: amsopn 1999/12/14 v2.01 operator names
)
\inf@bad=\count88
LaTeX Info: Redefining \frac on input line 211.
\uproot@=\count89
\leftroot@=\count90
LaTeX Info: Redefining \overline on input line 307.
\classnum@=\count91
\DOTSCASE@=\count92
LaTeX Info: Redefining \ldots on input line 379.
LaTeX Info: Redefining \dots on input line 382.
LaTeX Info: Redefining \cdots on input line 467.
\Mathstrutbox@=\box26
\strutbox@=\box27
\big@size=\dimen105
LaTeX Font Info:    Redeclaring font encoding OML on input line 567.
LaTeX Font Info:    Redeclaring font encoding OMS on input line 568.
\macc@depth=\count93
\c@MaxMatrixCols=\count94
\dotsspace@=\muskip10
\c@parentequation=\count95
\dspbrk@lvl=\count96
\tag@help=\toks16
\row@=\count97
\column@=\count98
\maxfields@=\count99
\andhelp@=\toks17
\eqnshift@=\dimen106
\alignsep@=\dimen107
\tagshift@=\dimen108
\tagwidth@=\dimen109
\totwidth@=\dimen110
\lineht@=\dimen111
\@envbody=\toks18
\multlinegap=\skip44
\multlinetaggap=\skip45
\mathdisplay@stack=\toks19
LaTeX Info: Redefining \[ on input line 2666.
LaTeX Info: Redefining \] on input line 2667.
)
(/usr/local/texlive/2009/texmf-dist/tex/latex/doublestroke/dsfont.sty
Package: dsfont 1995/08/01 v0.1 Double stroke roman fonts
)
(/usr/local/texlive/2009/texmf-dist/tex/latex/ncctools/desclist.sty
Package: desclist 2004/11/23 v1.1 Desclist Package (NCC)
)
(/usr/local/texlive/2009/texmf-dist/tex/latex/geometry/geometry.sty
Package: geometry 2008/12/21 v4.2 Page Geometry

(/usr/local/texlive/2009/texmf-dist/tex/latex/graphics/keyval.sty
Package: keyval 1999/03/16 v1.13 key=value parser (DPC)
\KV@toks@=\toks20
)
(/usr/local/texlive/2009/texmf-dist/tex/generic/oberdiek/ifpdf.sty
Package: ifpdf 2009/04/10 v2.0 Provides the ifpdf switch (HO)
Package ifpdf Info: pdfTeX in pdf mode detected.
)
(/usr/local/texlive/2009/texmf-dist/tex/generic/oberdiek/ifvtex.sty
Package: ifvtex 2008/11/04 v1.4 Switches for detecting VTeX and its modes (HO)
Package ifvtex Info: VTeX not detected.
)
\Gm@cnth=\count100
\Gm@cntv=\count101
\c@Gm@tempcnt=\count102
\Gm@bindingoffset=\dimen112
\Gm@wd@mp=\dimen113
\Gm@odd@mp=\dimen114
\Gm@even@mp=\dimen115
\Gm@dimlist=\toks21

(/usr/local/texlive/2009/texmf-dist/tex/xelatex/xetexconfig/geometry.cfg))
(/usr/local/texlive/2009/texmf-dist/tex/latex/ltxmisc/url.sty
\Urlmuskip=\muskip11
Package: url 2006/04/12  ver 3.3  Verb mode for urls, etc.
)
(/usr/local/texlive/2009/texmf-dist/tex/latex/base/makeidx.sty
Package: makeidx 2000/03/29 v1.0m Standard LaTeX package
)
(/usr/local/texlive/2009/texmf-dist/tex/latex/hyperref/hyperref.sty
Package: hyperref 2009/10/09 v6.79a Hypertext links for LaTeX

(/usr/local/texlive/2009/texmf-dist/tex/generic/ifxetex/ifxetex.sty
Package: ifxetex 2009/01/23 v0.5 Provides ifxetex conditional
)
(/usr/local/texlive/2009/texmf-dist/tex/latex/oberdiek/hycolor.sty
Package: hycolor 2009/10/02 v1.5 Code for color options of hyperref/bookmark (H
O)

(/usr/local/texlive/2009/texmf-dist/tex/latex/oberdiek/xcolor-patch.sty
Package: xcolor-patch 2009/10/02 xcolor patch
))
\@linkdim=\dimen116
\Hy@linkcounter=\count103
\Hy@pagecounter=\count104

(/usr/local/texlive/2009/texmf-dist/tex/latex/hyperref/pd1enc.def
File: pd1enc.def 2009/10/09 v6.79a Hyperref: PDFDocEncoding definition (HO)
)
(/usr/local/texlive/2009/texmf-dist/tex/generic/oberdiek/etexcmds.sty
Package: etexcmds 2007/12/12 v1.2 Prefix for e-TeX command names (HO)

(/usr/local/texlive/2009/texmf-dist/tex/generic/oberdiek/infwarerr.sty
Package: infwarerr 2007/09/09 v1.2 Providing info/warning/message (HO)
)
Package etexcmds Info: Could not find \expanded.
(etexcmds)             That can mean that you are not using pdfTeX 1.50 or
(etexcmds)             that some package has redefined \expanded.
(etexcmds)             In the latter case, load this package earlier.
)
(/usr/local/texlive/2009/texmf-dist/tex/latex/latexconfig/hyperref.cfg
File: hyperref.cfg 2002/06/06 v1.2 hyperref configuration of TeXLive
)
(/usr/local/texlive/2009/texmf-dist/tex/latex/oberdiek/kvoptions.sty
Package: kvoptions 2009/08/13 v3.4 Keyval support for LaTeX options (HO)

(/usr/local/texlive/2009/texmf-dist/tex/generic/oberdiek/kvsetkeys.sty
Package: kvsetkeys 2009/07/30 v1.5 Key value parser with default handler suppor
t (HO)
))
Package hyperref Info: Option `bookmarks' set `true' on input line 2864.
Package hyperref Info: Option `hyperindex' set `true' on input line 2864.
Package hyperref Info: Option `colorlinks' set `false' on input line 2864.
Package hyperref Info: Option `linktocpage' set `true' on input line 2864.
Package hyperref Info: Hyper figures OFF on input line 2975.
Package hyperref Info: Link nesting OFF on input line 2980.
Package hyperref Info: Hyper index ON on input line 2983.
Package hyperref Info: Plain pages OFF on input line 2990.
Package hyperref Info: Backreferencing OFF on input line 2995.

Implicit mode ON; LaTeX internals redefined
Package hyperref Info: Bookmarks ON on input line 3191.
LaTeX Info: Redefining \url on input line 3428.
(/usr/local/texlive/2009/texmf-dist/tex/generic/oberdiek/bitset.sty
Package: bitset 2007/09/28 v1.0 Data type bit set (HO)

(/usr/local/texlive/2009/texmf-dist/tex/generic/oberdiek/intcalc.sty
Package: intcalc 2007/09/27 v1.1 Expandable integer calculations (HO)
)
(/usr/local/texlive/2009/texmf-dist/tex/generic/oberdiek/bigintcalc.sty
Package: bigintcalc 2007/11/11 v1.1 Expandable big integer calculations (HO)

(/usr/local/texlive/2009/texmf-dist/tex/generic/oberdiek/pdftexcmds.sty
Package: pdftexcmds 2009/09/23 v0.6 LuaTeX support for pdfTeX utility functions
 (HO)

(/usr/local/texlive/2009/texmf-dist/tex/generic/oberdiek/ifluatex.sty
Package: ifluatex 2009/04/17 v1.2 Provides the ifluatex switch (HO)
Package ifluatex Info: LuaTeX not detected.
)
(/usr/local/texlive/2009/texmf-dist/tex/generic/oberdiek/ltxcmds.sty
Package: ltxcmds 2009/08/05 v1.0 Some LaTeX kernel commands for general use (HO
)
)
Package pdftexcmds Info: LuaTeX not detected.
Package pdftexcmds Info: \pdf@primitive is available.
Package pdftexcmds Info: \pdf@ifprimitive is available.
)))
\Fld@menulength=\count105
\Field@Width=\dimen117
\Fld@charsize=\dimen118
\Field@toks=\toks22
Package hyperref Info: Hyper figures OFF on input line 4377.
Package hyperref Info: Link nesting OFF on input line 4382.
Package hyperref Info: Hyper index ON on input line 4385.
Package hyperref Info: backreferencing OFF on input line 4392.
Package hyperref Info: Link coloring OFF on input line 4397.
Package hyperref Info: Link coloring with OCG OFF on input line 4402.
Package hyperref Info: PDF/A mode OFF on input line 4407.

(/usr/local/texlive/2009/texmf-dist/tex/generic/oberdiek/atbegshi.sty
Package: atbegshi 2008/07/31 v1.9 At begin shipout hook (HO)
)
\Hy@abspage=\count106
\c@Item=\count107
\c@Hfootnote=\count108
)

Package hyperref Warning: Wrong driver `hdvips.def';
(hyperref)                pdfTeX is running in PDF mode.
(hyperref)                Forcing driver `hpdftex.def'.

*hyperref using driver hpdftex*
(/usr/local/texlive/2009/texmf-dist/tex/latex/hyperref/hpdftex.def
File: hpdftex.def 2009/10/09 v6.79a Hyperref driver for pdfTeX
\Fld@listcount=\count109
)
\@indexfile=\write3
\openout3 = `manual.idx'.


Writing index file manual.idx
(./manual.aux)
\openout1 = `manual.aux'.

LaTeX Font Info:    Checking defaults for OML/cmm/m/it on input line 9.
LaTeX Font Info:    ... okay on input line 9.
LaTeX Font Info:    Checking defaults for T1/cmr/m/n on input line 9.
LaTeX Font Info:    ... okay on input line 9.
LaTeX Font Info:    Checking defaults for OT1/cmr/m/n on input line 9.
LaTeX Font Info:    ... okay on input line 9.
LaTeX Font Info:    Checking defaults for OMS/cmsy/m/n on input line 9.
LaTeX Font Info:    ... okay on input line 9.
LaTeX Font Info:    Checking defaults for OMX/cmex/m/n on input line 9.
LaTeX Font Info:    ... okay on input line 9.
LaTeX Font Info:    Checking defaults for U/cmr/m/n on input line 9.
LaTeX Font Info:    ... okay on input line 9.
LaTeX Font Info:    Checking defaults for PD1/pdf/m/n on input line 9.
LaTeX Font Info:    ... okay on input line 9.

*geometry auto-detecting driver*
*geometry detected driver: pdftex*
-------------------- Geometry parameters
paper: a4paper
landscape: --
twocolumn: --
twoside: true
asymmetric: --
h-parts: 71.70166pt, 0.7\paperwidth , 107.55254pt (default)
v-parts: 101.40665pt, 0.7\paperheight , 152.11pt (default)
hmarginratio: 2:3
vmarginratio: 2:3
lines: --
heightrounded: --
bindingoffset: 0.0pt
truedimen: --
includehead: --
includefoot: --
includemp: --
driver: pdftex
-------------------- Page layout dimensions and switches
\paperwidth  597.50787pt
\paperheight 845.04684pt
\textwidth  418.25368pt
\textheight 591.5302pt
\oddsidemargin  -0.56833pt
\evensidemargin 35.28255pt
\topmargin  -2.73714pt
\headheight 12.0pt
\headsep    19.8738pt
\footskip   27.46295pt
\marginparwidth 106.0pt
\marginparsep   7.0pt
\columnsep  10.0pt
\skip\footins  10.0pt plus 4.0pt minus 2.0pt
\hoffset 0.0pt
\voffset 0.0pt
\mag 1000
\@twosidetrue \@mparswitchtrue 
(1in=72.27pt, 1cm=28.45pt)
-----------------------
Package hyperref Info: Link coloring OFF on input line 9.
(/usr/local/texlive/2009/texmf-dist/tex/latex/hyperref/nameref.sty
Package: nameref 2007/05/29 v2.31 Cross-referencing by name of section

(/usr/local/texlive/2009/texmf-dist/tex/latex/oberdiek/refcount.sty
Package: refcount 2008/08/11 v3.1 Data extraction from references (HO)
)
\c@section@level=\count110
)
LaTeX Info: Redefining \ref on input line 9.
LaTeX Info: Redefining \pageref on input line 9.

(./manual.out) (./manual.out)
\@outlinefile=\write4
\openout4 = `manual.out'.

\AtBeginShipoutBox=\box28
LaTeX Font Info:    Try loading font information for U+msa on input line 40.

(/usr/local/texlive/2009/texmf-dist/tex/latex/amsfonts/umsa.fd
File: umsa.fd 2009/06/22 v3.00 AMS symbols A
)
LaTeX Font Info:    Try loading font information for U+msb on input line 40.

(/usr/local/texlive/2009/texmf-dist/tex/latex/amsfonts/umsb.fd
File: umsb.fd 2009/06/22 v3.00 AMS symbols B
) [1


{/usr/local/texlive/2009/texmf-var/fonts/map/pdftex/updmap/pdftex.map}] [2

] (./manual.toc
[3

]
Overfull \hbox (9.25322pt too wide) in paragraph at lines 294--294
 [][] []\OT1/cmr/m/n/10.95 Conjugate-gradient with shap-ing reg-u-lar-iza-tion 
for com-plex num-bers (cconj- 
 []

[4])
\tf@toc=\write5
\openout5 = `manual.toc'.

 [5] [6

] (./preface.tex [7

]) [8]
Chapter 1.
(./intro.tex) [9

] [10

]
Chapter 2.
(./example_fd.tex [11]
Underfull \vbox (badness 10000) has occurred while \output is active []

 [12]
Underfull \vbox (badness 10000) has occurred while \output is active []

 [13]
[14] [15]
Overfull \hbox (9.42853pt too wide) in paragraph at lines 230--231
\OT1/cmr/m/n/10.95 loc-ity and re-flec-tiv-ity. This is done us-ing []\OT1/cmtt
/m/n/10.95 sf[]floatalloc[] \OT1/cmr/m/n/10.95 (p. []31[]) and []\OT1/cmtt/m/n/
10.95 sf[]floatalloc2[]
 []

[16] [17] [18] [19]) [20]
Chapter 3.
(./data_types.tex
Missing character: There is no Ô in font cmr10!
Missing character: There is no Õ in font cmr10!

Overfull \hbox (2.34227pt too wide) in paragraph at lines 25--26
\OT1/cmr/m/n/10.95 trans-form and al-lo-cates the re-quired space. This has the
 same pur-pose as \OT1/cmtt/m/n/10.95 kiss[]fft[]state
 []

[21

] [22]
Overfull \hbox (0.25092pt too wide) in paragraph at lines 69--70
\OT1/cmr/m/n/10.95 pa-ram-e-ters pre-cisely as \OT1/cmtt/m/n/10.95 (bool, bool,
 int, int, sf[]complex*, const sf[]complex*,
 []

[23]
Missing character: There is no Ò in font cmr10!
Missing character: There is no Ó in font cmr10!
 [24]) [25] [26

]
Chapter 4.
(./alloc.tex [27] [28] [29] [30] [31] [32] [33]
Overfull \hbox (1.40053pt too wide) in paragraph at lines 368--368
[]\OT1/cmtt/m/n/10.95 /*< complex 4-D allocation, out[0][0][0] points to a cont
iguous array >*/[] 
 []

[34] [35] [36] [37] [38]
Overfull \hbox (7.14922pt too wide) in paragraph at lines 606--606
[]\OT1/cmtt/m/n/10.95 /*< float 5-D allocation, out[0][0][0][0] points to a con
tiguous array >*/[] 
 []

[39]
Overfull \hbox (24.39528pt too wide) in paragraph at lines 645--645
[]\OT1/cmtt/m/n/10.95 /*< float 6-D allocation, out[0][0][0][0][0] points to a 
contiguous array >*/[] 
 []

[40] [41] [42]
Overfull \hbox (1.40053pt too wide) in paragraph at lines 818--818
[]\OT1/cmtt/m/n/10.95 /*< unsigned char 2-D allocation, out[0] points to a cont
iguous array >*/[] 
 []

[43]
Overfull \hbox (18.64659pt too wide) in paragraph at lines 852--852
[]\OT1/cmtt/m/n/10.95 /*< unsigned char 3-D allocation, out[0][0] points to a c
ontiguous array >*/[] 
 []

) (./simtab.tex [44]
Overfull \hbox (3.16101pt too wide) in paragraph at lines 54--55
[]\OT1/cmr/m/n/10.95 the ta-ble whose al-lo-cated mem-ory has to be deleted. Mu
st be of type \OT1/cmtt/m/n/10.95 sf[]simtab\OT1/cmr/m/n/10.95 . 
 []

[45]
Overfull \hbox (12.8979pt too wide) in paragraph at lines 121--121
[]\OT1/cmtt/m/n/10.95 bool sf_simtab_getint (sf_simtab table, const char* key,/
*@out@*/ int* par)[] 
 []

[46]
Overfull \hbox (41.64134pt too wide) in paragraph at lines 154--154
[]\OT1/cmtt/m/n/10.95 bool sf_simtab_getlargeint (sf_simtab table, const char* 
key,/*@out@*/ off_t* pa[] 
 []

[47]
Overfull \hbox (35.89265pt too wide) in paragraph at lines 186--186
[]\OT1/cmtt/m/n/10.95 bool sf_simtab_getfloat (sf_simtab table, const char* key
,/*@out@*/ float* par)[] 
 []


Overfull \hbox (41.64134pt too wide) in paragraph at lines 219--219
[]\OT1/cmtt/m/n/10.95 bool sf_simtab_getdouble (sf_simtab table, const char* ke
y,/*@out@*/ double* par[] 
 []

[48] [49]
Overfull \hbox (24.39528pt too wide) in paragraph at lines 316--316
[]\OT1/cmtt/m/n/10.95 bool sf_simtab_getbool (sf_simtab table, const char* key,
/*@out@*/ bool *par)[] 
 []

[50]
Overfull \hbox (47.39003pt too wide) in paragraph at lines 348--348
[]\OT1/cmtt/m/n/10.95 sf_simtab_getbools (sf_simtab table, const char* key,/*@o
ut@*/bool *par,size_t n)[] 
 []


Overfull \hbox (21.47002pt too wide) in paragraph at lines 354--355
[]\OT1/cmr/m/n/10.95 the name of the boolean ar-ray which has to be ex-tracted.
 Must be of XXXXXXXXX
 []

[51] [52] [53]) (./getpar.tex [54] [55]
Overfull \hbox (37.83846pt too wide) in paragraph at lines 69--70
\OT1/cmr/m/n/10.95 Reads the pa-ram-e-ters from the in-ter-nal ta-ble and write
s them to a file. It uses []\OT1/cmtt/m/n/10.95 sf[]simtab[]output[]\OT1/cmr/m/
n/10.95 .
 []

[56] [57] [58] [59]
Overfull \hbox (7.14922pt too wide) in paragraph at lines 266--266
[]\OT1/cmtt/m/n/10.95 /*< get an int array parameter (comma-separated) from the
 command line >*/[] 
 []

[60] [61] [62] [63] [64]) [65] [66

]
Chapter 5.
(./file.tex
Overfull \hbox (35.89265pt too wide) in paragraph at lines 42--42
[]\OT1/cmtt/m/n/10.95 static void sf_input_error(sf_file file, const char* mess
age, const char* name)[] 
 []

[67] [68] [69] [70] [71] [72] [73] [74] [75] [76]
Overfull \hbox (18.64659pt too wide) in paragraph at lines 536--536
[]\OT1/cmtt/m/n/10.95 bool sf_histints (sf_file file, const char* key,/*@out@*/
 int* par,size_t n)[] 
 []


Overfull \hbox (1.40053pt too wide) in paragraph at lines 570--570
[]\OT1/cmtt/m/n/10.95 bool sf_histlargeint (sf_file file, const char* key,/*@ou
t@*/ off_t* par)[] 
 []

[77] [78] [79] [80] [81] [82]
Overfull \hbox (1.40053pt too wide) in paragraph at lines 844--844
[]\OT1/cmtt/m/n/10.95 void sf_putints (sf_file file, const char* key, const int
* par, size_t n)[] 
 []

[83] [84] [85] [86]
Overfull \hbox (7.14922pt too wide) in paragraph at lines 1035--1035
[]\OT1/cmtt/m/n/10.95 void sf_complexread (/*@out@*/ sf_complex* arr, size_t si
ze, sf_file file)[] 
 []


Overfull \hbox (5.42197pt too wide) in paragraph at lines 1040--1041
[]\OT1/cmr/m/n/10.95 a pointer to the ar-ray to which the ar-ray from the file 
is to be copied (\OT1/cmtt/m/n/10.95 sf[]complex\OT1/cmr/m/n/10.95 ). 
 []

[87]
Overfull \hbox (5.42197pt too wide) in paragraph at lines 1118--1119
[]\OT1/cmr/m/n/10.95 a pointer to the ar-ray to which the ar-ray from the file 
is to be copied (\OT1/cmtt/m/n/10.95 sf[]complex\OT1/cmr/m/n/10.95 ). 
 []

[88]
Overfull \hbox (12.8979pt too wide) in paragraph at lines 1139--1139
[]\OT1/cmtt/m/n/10.95 void sf_ucharread (/*@out@*/ unsigned char* arr, size_t s
ize, sf_file file)[] 
 []


Overfull \hbox (5.42197pt too wide) in paragraph at lines 1144--1145
[]\OT1/cmr/m/n/10.95 a pointer to the ar-ray to which the ar-ray from the file 
is to be copied (\OT1/cmtt/m/n/10.95 sf[]complex\OT1/cmr/m/n/10.95 ). 
 []

[89]
Overfull \hbox (5.42197pt too wide) in paragraph at lines 1187--1188
[]\OT1/cmr/m/n/10.95 a pointer to the ar-ray to which the ar-ray from the file 
is to be copied (\OT1/cmtt/m/n/10.95 sf[]complex\OT1/cmr/m/n/10.95 ). 
 []


Overfull \hbox (5.42197pt too wide) in paragraph at lines 1213--1214
[]\OT1/cmr/m/n/10.95 a pointer to the ar-ray to which the ar-ray from the file 
is to be copied (\OT1/cmtt/m/n/10.95 sf[]complex\OT1/cmr/m/n/10.95 ). 
 []


Overfull \hbox (4.08418pt too wide) in paragraph at lines 1222--1223
\OT1/cmr/m/n/10.95 Writes an short ar-ray to the file, ac-cord-ing to the value
 of the form of the file, i.e. \OT1/cmtt/m/n/10.95 SF[]ASCII\OT1/cmr/m/n/10.95 
,
 []

[90]
Overfull \hbox (0.95126pt too wide) in paragraph at lines 1248--1249
\OT1/cmr/m/n/10.95 Writes an float ar-ray to the file, ac-cord-ing to the value
 of the form of the file, i.e. \OT1/cmtt/m/n/10.95 SF[]ASCII\OT1/cmr/m/n/10.95 
,
 []


Overfull \hbox (5.05753pt too wide) in paragraph at lines 1274--1275
\OT1/cmr/m/n/10.95 Reads a float ar-ray from the file, ac-cord-ing to the value
 of the form of the file, i.e. \OT1/cmtt/m/n/10.95 SF[]ASCII\OT1/cmr/m/n/10.95 
,
 []

[91]
Overfull \hbox (5.42197pt too wide) in paragraph at lines 1291--1292
[]\OT1/cmr/m/n/10.95 a pointer to the ar-ray to which the ar-ray from the file 
is to be copied (\OT1/cmtt/m/n/10.95 sf[]complex\OT1/cmr/m/n/10.95 ). 
 []

[92] [93] [94]) (./files.tex [95] [96] [97]
Overfull \hbox (35.89265pt too wide) in paragraph at lines 199--199
[]\OT1/cmtt/m/n/10.95 force, verb, and inquire flags should behave similar to t
he corresponding flags[] 
 []

[98] [99]) (./komplex.tex [100] [101] [102] [103] [104]
Overfull \hbox (23.14056pt too wide) in paragraph at lines 276--277
[]\OT1/cmr/m/n/10.95 product of the com-plex num-ber $\OML/cmm/m/it/10.95 a$ \O
T1/cmr/m/n/10.95 and the real num-ber $\OML/cmm/m/it/10.95 b$\OT1/cmr/m/n/10.95
 . It is of type \OT1/cmtt/m/n/10.95 sf[]double[]complex\OT1/cmr/m/n/10.95 . 
 []

[105] [106] [107] [108] [109] [110] [111] [112] [113] [114] [115] [116]
[117] [118] [119] [120] [121]) [122]
Chapter 6.
(./error.tex
Overfull \hbox (53.13872pt too wide) in paragraph at lines 24--24
[]    \OT1/cmtt/m/n/10.95 Format and variable arguments follow printf conventio
n. Additionally, a ':' at[] 
 []

[123

]
Overfull \hbox (30.14397pt too wide) in paragraph at lines 56--56
[]\OT1/cmtt/m/n/10.95 Format and variable arguments follow printf convention. A
dditionally, a ':' at[] 
 []

) [124]
Chapter 7.
(./lop_intro.tex
Underfull \vbox (badness 10000) has occurred while \output is active []

 [125

]
LaTeX Font Info:    Try loading font information for U+dsrom on input line 18.

(/usr/local/texlive/2009/texmf-dist/tex/latex/doublestroke/Udsrom.fd
File: Udsrom.fd 1995/08/01 v0.1 Double stroke roman font definitions
) [126]
[127] [128]) (./adjnull.tex [129]) (./copy.tex [130]
Overfull \hbox (12.8979pt too wide) in paragraph at lines 24--24
[]\OT1/cmtt/m/n/10.95 void sf_copy_lop (bool adj, bool add, int nx, int ny, flo
at* xx, float* yy)[] 
 []

) (./ccopy.tex
Overfull \hbox (23.33739pt too wide) in paragraph at lines 1--1
[]\OT1/cmr/bx/n/14.4 Simple iden-tity (copy) op-er-a-tor for com-plex data (cco
py.c) 
 []

[131]) (./mask.tex [132] [133]) (./weight.tex [134]
Overfull \hbox (24.39528pt too wide) in paragraph at lines 56--56
[]\OT1/cmtt/m/n/10.95 void sf_weight_lop (bool adj, bool add, int nx, int ny, f
loat* xx, float* yy)[] 
 []

[135] [136]) (./igrad1.tex [137]) (./causint.tex [138]) (./chain.tex [139]
[140] [141] [142]
Overfull \hbox (1.40053pt too wide) in paragraph at lines 200--200
[]\OT1/cmtt/m/n/10.95 sf_chain3 (oper1,oper2,oper3, adj,add, nm,nt1,nt2,nd, mod
,dat,tmp1,tmp2);[] 
 []

[143]
Overfull \hbox (35.89265pt too wide) in paragraph at lines 222--222
[]\OT1/cmtt/m/n/10.95 /*< Chains three operators, computing oper1{oper2{poer3{{
mod}}} or its adjoint.[] 
 []

) (./dottest.tex [144]) [145] [146

]
Chapter 8.
(./kiss_fftr.tex
Overfull \hbox (53.13872pt too wide) in paragraph at lines 15--15
[]\OT1/cmtt/m/n/10.95 kiss_fftr_cfg kiss_fftr_alloc(int nfft,int inverse_fft,vo
id * mem,size_t * lenmem)[] 
 []

[147]
Overfull \hbox (41.64134pt too wide) in paragraph at lines 59--59
[]\OT1/cmtt/m/n/10.95 void kiss_fftr(kiss_fftr_cfg st,const kiss_fft_scalar *ti
medata,kiss_fft_cpx *fr[] 
 []


Overfull \hbox (30.14397pt too wide) in paragraph at lines 59--59
[]    \OT1/cmtt/m/n/10.95 /* The real part of the DC element of the frequency s
pectrum in st->tmpbuf[] 
 []


Overfull \hbox (41.64134pt too wide) in paragraph at lines 59--59
[]     \OT1/cmtt/m/n/10.95 * contains the sum of the even-numbered elements of 
the input time sequence[] 
 []


Overfull \hbox (99.12822pt too wide) in paragraph at lines 59--59
[]     \OT1/cmtt/m/n/10.95 * The difference of tdc.r - tdc.i is the sum of the 
input (dot product) [1,-1,1,-1...[] 
 []


Overfull \hbox (41.64134pt too wide) in paragraph at lines 85--85
[]\OT1/cmtt/m/n/10.95 void kiss_fftri(kiss_fftr_cfg st,const kiss_fft_cpx *freq
data,kiss_fft_scalar *t[] 
 []

[148]
Overfull \hbox (17.95499pt too wide) in paragraph at lines 91--92
[]\OT1/cmr/m/n/10.95 location where the in-verse time data is to be stored (\OT
1/cmtt/m/n/10.95 const kiss[]fft[]scalar*\OT1/cmr/m/n/10.95 ). 
 []


Overfull \hbox (2.44308pt too wide) in paragraph at lines 92--93
[]\OT1/cmr/m/n/10.95 complex fre-quency data which is to be in-verse trans-form
ed (\OT1/cmtt/m/n/10.95 kiss[]fft[]cpx*\OT1/cmr/m/n/10.95 ). 
 []

) (./tent2.tex) (./impl2.tex [149] [150] [151]
Overfull \hbox (7.14922pt too wide) in paragraph at lines 133--133
[]\OT1/cmtt/m/n/10.95 void sf_impl2_lop (bool adj, bool add, int nx, int ny, fl
oat* x, float* y)[] 
 []

) [152]
Chapter 9.
(./freqfilt.tex [153

] [154]
Overfull \hbox (24.39528pt too wide) in paragraph at lines 137--137
[]\OT1/cmtt/m/n/10.95 void sf_freqfilt_lop (bool adj, bool add, int nx, int ny,
 float* x, float* y)[] 
 []

[155]) (./freqfilt2.tex [156]
Overfull \hbox (24.39528pt too wide) in paragraph at lines 91--91
[]\OT1/cmtt/m/n/10.95 void sf_freqfilt2_spec (const float* x /* input */, float
** y /* spectrum */)[] 
 []

[157]
Overfull \hbox (30.14397pt too wide) in paragraph at lines 117--117
[]\OT1/cmtt/m/n/10.95 void sf_freqfilt2_lop (bool adj, bool add, int nx, int ny
, float* x, float* y)[] 
 []

) (./helicon.tex [158]) (./helix.tex [159] [160]) (./recfilt.tex [161]
Overfull \hbox (24.39528pt too wide) in paragraph at lines 48--48
[]\OT1/cmtt/m/n/10.95 void sf_recfilt_lop( bool adj, bool add, int nx, int ny, 
float* xx, float*yy)[] 
 []

) (./cosft.tex [162] [163]) [164]
Chapter 10.
(./banded.tex [165

]
Overfull \hbox (1.40053pt too wide) in paragraph at lines 82--82
[]                             \OT1/cmtt/m/n/10.95 const float* offd /* off-dia
gonal [band] */)[] 
 []

[166]
Overfull \hbox (47.39003pt too wide) in paragraph at lines 111--111
[]                                     \OT1/cmtt/m/n/10.95 const float* offd /*
 off-diagonal [band] */)[] 
 []

[167]) (./cgstep.tex [168]) (./conjgrad.tex
Overfull \hbox (38.42291pt too wide) has occurred while \output is active
\OT1/cmr/m/sl/10.95 10.3.  CONJUGATE-GRADIENT WITH SHAPING REGULARIZATION (CONJ
GRAD.C) \OT1/cmr/m/n/10.95 169
 []

[169] [170]) (./conjprec.tex [171] [172]) (./ccgstep.tex
Overfull \hbox (12.8979pt too wide) in paragraph at lines 27--27
[]\OT1/cmtt/m/n/10.95 /*< Step of Claerbout's conjugate-gradient iteration for 
complex operators.[] 
 []

[173] [174]) (./cconjgrad.tex
Overfull \hbox (189.28618pt too wide) has occurred while \output is active
\OT1/cmr/m/sl/10.95 10.6.  CONJUGATE-GRADIENT WITH SHAPING REGULARIZATION FOR C
OMPLEX NUMBERS (CCONJGRAD.C) \OT1/cmr/m/n/10.95 175
 []

[175]
Overfull \hbox (6.12389pt too wide) in paragraph at lines 78--79
\OT1/cmr/m/n/10.95 Frees the space al-lo-cated for the com-plex con-ju-gate gra
-di-ent solver by []\OT1/cmtt/m/n/10.95 sf[]cconjgrad[]init[]\OT1/cmr/m/n/10.95
 . 
 []

[176]) (./cdstep.tex
Overfull \hbox (189.28618pt too wide) has occurred while \output is active
\OT1/cmr/m/sl/10.95 10.6.  CONJUGATE-GRADIENT WITH SHAPING REGULARIZATION FOR C
OMPLEX NUMBERS (CCONJGRAD.C) \OT1/cmr/m/n/10.95 177
 []

[177] [178] [179]) (./llist.tex [180]
Overfull \hbox (50.12973pt too wide) has occurred while \output is active
\OT1/cmr/m/sl/10.95 10.8.  LINKED LIST FOR USE IN CONJUGATE-DIRECTION-TYPE METH
ODS (LLIST.C) \OT1/cmr/m/n/10.95 181
 []

[181] [182]) (./ccdstep.tex
Overfull \hbox (50.12973pt too wide) has occurred while \output is active
\OT1/cmr/m/sl/10.95 10.8.  LINKED LIST FOR USE IN CONJUGATE-DIRECTION-TYPE METH
ODS (LLIST.C) \OT1/cmr/m/n/10.95 183
 []

[183] [184]
Overfull \hbox (48.00294pt too wide) has occurred while \output is active
\OT1/cmr/m/sl/10.95 10.9.  CONJUGATE-DIRECTION ITERATION FOR COMPLEX NUMBERS (C
CDSTEP.C) \OT1/cmr/m/n/10.95 185
 []

[185]) (./clist.tex
Overfull \hbox (15.12581pt too wide) in paragraph at lines 1--1
[]\OT1/cmr/bx/n/14.4 Linked list for conjugate-direction-type meth-ods (com-
 []

[186] [187] [188] [189]) (./quadratic.tex) (./fzero.tex [190]
Overfull \hbox (35.03896pt too wide) in paragraph at lines 33--34
[]\OT1/cmr/m/n/10.95 function, the root of which is re-quired. Must be of type 
\OT1/cmtt/m/n/10.95 sf[]double[]complex\OT1/cmr/m/n/10.95 . 
 []

) (./runge.tex [191]
Overfull \hbox (18.64659pt too wide) in paragraph at lines 36--36
[]   \OT1/cmtt/m/n/10.95 \item[n1]   number of steps for performing the raytrac
ing (\texttt{int}).[] 
 []


Overfull \hbox (47.39003pt too wide) in paragraph at lines 36--36
[]   \OT1/cmtt/m/n/10.95 \item[d1]   number of time steps for performing the ra
ytracing (\texttt{int}).[] 
 []

[192]
Overfull \hbox (76.13347pt too wide) in paragraph at lines 102--102
[]\OT1/cmtt/m/n/10.95 it = sf_ode23_step (y, par, (*rhs)(void*,float*,float*), 
(*term)(void*,float*), traj);[] 
 []

[193]
Overfull \hbox (18.64659pt too wide) in paragraph at lines 125--125
[]                   \OT1/cmtt/m/n/10.95 /* function returning 1 if the ray nee
ds to terminate */,[] 
 []


Overfull \hbox (18.64659pt too wide) in paragraph at lines 125--125
[]                   \OT1/cmtt/m/n/10.95 float** traj /* [nt+1][dim] - ray traj
ectory (output) */)[] 
 []

) (./tinysolver.tex
Underfull \vbox (badness 2443) has occurred while \output is active []

 [194]
Overfull \hbox (1.52827pt too wide) in paragraph at lines 34--35
[]\OT1/cmr/m/n/10.95 a step-ping func-tion to per-form up-dates on the ini-tial
 model (\OT1/cmtt/m/n/10.95 sf[]solverstep\OT1/cmr/m/n/10.95 ). 
 []

) (./bigsolver.tex
Overfull \hbox (106.1737pt too wide) has occurred while \output is active
\OT1/cmr/m/sl/10.95 10.14.  SOLVER FUNCTION FOR ITERATIVE LEAST-SQUARES OPTIMIZ
ATION (TINYSOLVER.C) \OT1/cmr/m/n/10.95 195
 []

[195]
Overfull \hbox (7.14922pt too wide) in paragraph at lines 61--61
[]                    \OT1/cmtt/m/n/10.95 ...                /* variable number
 of arguments */)[] 
 []

[196]
Overfull \hbox (104.27269pt too wide) has occurred while \output is active
\OT1/cmr/m/sl/10.95 10.15.  SOLVER FUNCTIONS FOR ITERATIVE LEAST-SQUARES OPTIMI
ZATION (BIGSOLVER.C) \OT1/cmr/m/n/10.95 197
 []

[197]
Overfull \hbox (1.40053pt too wide) in paragraph at lines 170--170
[]                   \OT1/cmtt/m/n/10.95 ...                /* variable number 
of arguments */)[] 
 []

[198]
Overfull \hbox (104.27269pt too wide) has occurred while \output is active
\OT1/cmr/m/sl/10.95 10.15.  SOLVER FUNCTIONS FOR ITERATIVE LEAST-SQUARES OPTIMI
ZATION (BIGSOLVER.C) \OT1/cmr/m/n/10.95 199
 []

[199] [200]
Overfull \hbox (1.40053pt too wide) in paragraph at lines 302--302
[]                     \OT1/cmtt/m/n/10.95 int nx             /* size of \textt
t{x} and dat */,[] 
 []


Overfull \hbox (7.14922pt too wide) in paragraph at lines 302--302
[]                    \OT1/cmtt/m/n/10.95 ...                /* variable number
 of arguments */)[] 
 []


Overfull \hbox (104.27269pt too wide) has occurred while \output is active
\OT1/cmr/m/sl/10.95 10.15.  SOLVER FUNCTIONS FOR ITERATIVE LEAST-SQUARES OPTIMI
ZATION (BIGSOLVER.C) \OT1/cmr/m/n/10.95 201
 []

[201] [202]
Overfull \hbox (18.64659pt too wide) in paragraph at lines 364--364
[]                \OT1/cmtt/m/n/10.95 ...                      /* variable numb
er of arguments */)[] 
 []


Overfull \hbox (104.27269pt too wide) has occurred while \output is active
\OT1/cmr/m/sl/10.95 10.15.  SOLVER FUNCTIONS FOR ITERATIVE LEAST-SQUARES OPTIMI
ZATION (BIGSOLVER.C) \OT1/cmr/m/n/10.95 203
 []

[203]) (./irls.tex [204]) (./tridiagonal.tex
Overfull \hbox (28.99248pt too wide) has occurred while \output is active
\OT1/cmr/m/sl/10.95 10.16.  WEIGHTING FOR ITERATIVELY-REWEIGHTED LEAST SQUARES 
(IRLS.C) \OT1/cmr/m/n/10.95 205
 []

[205] [206] [207]
Overfull \hbox (35.89265pt too wide) in paragraph at lines 109--109
[]                           \OT1/cmtt/m/n/10.95 float* b /* in - right-hand si
de, out - solution */)[] 
 []


Overfull \hbox (35.89265pt too wide) in paragraph at lines 127--127
[]                           \OT1/cmtt/m/n/10.95 float* b /* in - right-hand si
de, out - solution */)[] 
 []

) [208]
Chapter 11.
(./int1.tex
Overfull \hbox (1.40053pt too wide) in paragraph at lines 24--24
[]                 \OT1/cmtt/m/n/10.95 sf_interpolator interp     /* interpolat
ion function */,[] 
 []

[209

]
Overfull \hbox (18.64659pt too wide) in paragraph at lines 54--54
[]\OT1/cmtt/m/n/10.95 void  sf_int1_lop (bool adj, bool add, int nm, int ny, fl
oat* x, float* ord)[] 
 []


Overfull \hbox (41.64134pt too wide) in paragraph at lines 84--84
[]\OT1/cmtt/m/n/10.95 void  sf_cint1_lop (bool adj, bool add, int nm, int ny, s
f_complex* x, sf_comple[] 
 []

[210]) (./int2.tex [211]
Overfull \hbox (18.64659pt too wide) in paragraph at lines 59--59
[]\OT1/cmtt/m/n/10.95 void  sf_int2_lop (bool adj, bool add, int nm, int ny, fl
oat* x, float* ord)[] 
 []

[212]) (./int3.tex [213]
Overfull \hbox (18.64659pt too wide) in paragraph at lines 65--65
[]\OT1/cmtt/m/n/10.95 void  sf_int3_lop (bool adj, bool add, int nm, int ny, fl
oat* mm, float* dd)[] 
 []

[214]) (./interp.tex [215] [216]) (./prefilter.tex
Overfull \hbox (137.19507pt too wide) has occurred while \output is active
\OT1/cmr/m/sl/10.95 11.5.  CONVERT DATA TO B-SPLINE COEFFICIENTS BY FAST B-SPLI
NE TRANSFORM (PREFILTER.C) \OT1/cmr/m/n/10.95 217
 []

[217] [218]) (./spline.tex [219] [220] [221]) (./stretch.tex
Overfull \hbox (7.14922pt too wide) in paragraph at lines 22--22
[]                        \OT1/cmtt/m/n/10.95 bool narrow                /* if 
zero boundary */)[] 
 []

[222]
Overfull \hbox (51.22115pt too wide) in paragraph at lines 70--71
\OT1/cmr/m/n/10.95 Converts the or-di-nates (\OT1/cmtt/m/n/10.95 ord\OT1/cmr/m/
n/10.95 ) de-fined in the in-put to model (\OT1/cmtt/m/n/10.95 mod\OT1/cmr/m/n/
10.95 ). It uses the []\OT1/cmtt/m/n/10.95 sf[]tridiagonal[]solve[]
 []

[223]
Overfull \hbox (36.71303pt too wide) in paragraph at lines 96--97
\OT1/cmr/m/n/10.95 Converts model (mod) to or-di-nates by lin-ear in-ter-po-la-
tion. It is the in-verse of []\OT1/cmtt/m/n/10.95 sf[]stretch[]apply[]\OT1/cmr/
m/n/10.95 . 
 []

[224]) (./eno.tex [225]
Overfull \hbox (1.40053pt too wide) in paragraph at lines 69--69
[]\OT1/cmtt/m/n/10.95 /*< Set the interpolation table. c can be changed or free
d afterwords >*/[] 
 []

[226]) (./eno2.tex [227]
Overfull \hbox (7.14922pt too wide) in paragraph at lines 56--56
[]\OT1/cmtt/m/n/10.95 /*< Set the interpolation table. c can be changed or free
d afterwords. >*/[] 
 []


Overfull \hbox (7.14922pt too wide) in paragraph at lines 82--82
[]\OT1/cmtt/m/n/10.95 /*< Set the interpolation table. c can be changed or free
d afterwords. >*/[] 
 []

[228]
Overfull \hbox (12.8979pt too wide) in paragraph at lines 130--130
[]                    \OT1/cmtt/m/n/10.95 der what         /* what to compute [
FUNC,DER,BOTH] */)[] 
 []

[229]) (./pweno.tex [230] [231]
Overfull \hbox (53.13872pt too wide) in paragraph at lines 108--108
[]\OT1/cmtt/m/n/10.95 void sf_pweno_set (sf_pweno ent, float* c /* data [n] */,
 int p /* power order */)[] 
 []


Overfull \hbox (35.89265pt too wide) in paragraph at lines 108--108
[]\OT1/cmtt/m/n/10.95 /*< Set the interpolation undivided difference table. c c
an be changed or freed[] 
 []

[232]) [233] [234

]
Chapter 12.
(./triangle1.tex [235]
Overfull \hbox (30.14397pt too wide) in paragraph at lines 46--46
[]\OT1/cmtt/m/n/10.95 void sf_triangle1_lop (bool adj, bool add, int nx, int ny
, float* x, float* y)[] 
 []

) (./triangle2.tex [236]
Overfull \hbox (30.14397pt too wide) in paragraph at lines 49--49
[]\OT1/cmtt/m/n/10.95 void sf_triangle2_lop (bool adj, bool add, int nx, int ny
, float* x, float* y)[] 
 []


Overfull \hbox (4.04846pt too wide) has occurred while \output is active
\OT1/cmr/m/sl/10.95 12.2.  2-D TRIANGLE SMOOTHING AS A LINEAR OPERATOR (TRIANGL
E2.C) \OT1/cmr/m/n/10.95 237
 []

[237]) (./triangle.tex [238] [239] [240] [241] [242]
Overfull \hbox (6.23311pt too wide) in paragraph at lines 232--233
[]\OT1/cmr/m/n/10.95 an ob-ject (fil-ter) used for smooth-ing, box or tri-an-gl
e. Must be of type \OT1/cmtt/m/n/10.95 sf[]triangle\OT1/cmr/m/n/10.95 . 
 []

[243]
Overfull \hbox (6.23311pt too wide) in paragraph at lines 265--266
[]\OT1/cmr/m/n/10.95 an ob-ject (fil-ter) used for smooth-ing, box or tri-an-gl
e. Must be of type \OT1/cmtt/m/n/10.95 sf[]triangle\OT1/cmr/m/n/10.95 . 
 []

) (./edge.tex [244] [245] [246]) [247] [248

]
Chapter 13.
(./celltrace.tex
Overfull \hbox (1.40053pt too wide) in paragraph at lines 27--27
[]\OT1/cmtt/m/n/10.95 sf_celltrace sf_celltrace_init (int order   /* interpolat
ion accuracy */,[] 
 []

[249] [250]) (./cell.tex [251]
Overfull \hbox (18.64659pt too wide) in paragraph at lines 49--49
[]\OT1/cmtt/m/n/10.95 float sf_cell1_update1 (int dim, float s, float v, float 
*p, const float *g)[] 
 []


Overfull \hbox (18.64659pt too wide) in paragraph at lines 83--83
[]\OT1/cmtt/m/n/10.95 float sf_cell1_update2 (int dim, float s, float v, float 
*p, const float *g)[] 
 []

[252] [253]
Overfull \hbox (24.39528pt too wide) in paragraph at lines 148--148
[]\OT1/cmtt/m/n/10.95 float sf_cell11_update1 (int dim, float s, float v, float
 *p, const float *g)[] 
 []


Overfull \hbox (24.39528pt too wide) in paragraph at lines 184--184
[]\OT1/cmtt/m/n/10.95 float sf_cell11_update2 (int dim, float s, float v, float
 *p, const float *g)[] 
 []

[254] [255]
Overfull \hbox (12.8979pt too wide) in paragraph at lines 282--282
[]\OT1/cmtt/m/n/10.95 float sf_cell_update1 (int dim, float s, float v, float *
p, const float *g)[] 
 []

[256] [257]) [258]
Chapter 14.
(./deriv.tex [259

]) (./quantile.tex
Overfull \hbox (7.10074pt too wide) in paragraph at lines 1--1
[]\OT1/cmr/bx/n/14.4 Computing quan-tiles by Hoare's al-go-rithm (quan-tile.c) 

 []

[260]) (./randn.tex
Overfull \hbox (83.36246pt too wide) has occurred while \output is active
\OT1/cmr/m/sl/10.95 14.3.  PSEUDO-RANDOM NUMBERS: UNIFORM AND NORMALLY DISTRIBU
TED (RANDN.C) \OT1/cmr/m/n/10.95 261
 []

[261]) (./math1.tex [262] [263] [264] [265] [266]) [267] [268

]
Chapter 15.
(./point.tex [269] [270] [271] [272] [273] [274] [275] [276] [277])
(./vector.tex [278] [279] [280] [281] [282] [283] [284]) (./decart.tex
Overfull \hbox (119.09717pt too wide) has occurred while \output is active
\OT1/cmr/m/sl/10.95 15.3.  CONVERSION BETWEEN LINE AND CARTESIAN COORDINATES OF
 A VECTOR (DECART.C) \OT1/cmr/m/n/10.95 285
 []

[285] [286]
Overfull \hbox (1.94458pt too wide) in paragraph at lines 117--118
\OT1/cmr/m/n/10.95 Converts the line co-or-di-nate to Carte-sian co-or-di-nates
. It works ex-actly like []\OT1/cmtt/m/n/10.95 sf[]line2cart[]
 []


Overfull \hbox (7.14922pt too wide) in paragraph at lines 132--132
[]                        \OT1/cmtt/m/n/10.95 off_t* ii       /* cartesian coor
dinates [dim] */)[] 
 []


Overfull \hbox (1.94458pt too wide) in paragraph at lines 148--149
\OT1/cmr/m/n/10.95 Converts the Carte-sian co-or-di-nates to line co-or-di-nate
. It works ex-actly like []\OT1/cmtt/m/n/10.95 sf[]line2cart[]
 []


Overfull \hbox (119.09717pt too wide) has occurred while \output is active
\OT1/cmr/m/sl/10.95 15.3.  CONVERSION BETWEEN LINE AND CARTESIAN COORDINATES OF
 A VECTOR (DECART.C) \OT1/cmr/m/n/10.95 287
 []

[287]
Overfull \hbox (12.8979pt too wide) in paragraph at lines 164--164
[]                         \OT1/cmtt/m/n/10.95 const off_t* ii /* cartesian coo
rdinates [dim] */)[] 
 []

[288]) (./axa.tex [289] [290] [291] [292] [293] [294]) [295] [296

]
Chapter 16.
(./sharpen.tex [297] [298]) (./sharpinv.tex
Overfull \hbox (39.45906pt too wide) in paragraph at lines 1--1
[]\OT1/cmr/bx/n/14.4 Sharpening in-ver-sion added Breg-man it-er-a-tion (sharpi
nv.c) 
 []


Overfull \hbox (17.05396pt too wide) has occurred while \output is active
\OT1/cmr/m/sl/10.95 16.2.  SHARPENING INVERSION ADDED BREGMAN ITERATION (SHARPI
NV.C) \OT1/cmr/m/n/10.95 299
 []

[299]
Overfull \hbox (1.40053pt too wide) in paragraph at lines 55--55
[]\OT1/cmtt/m/n/10.95 void sf_sharpinv(oper, scale, niter, ncycle, perc, verb, 
nq, np, qq, pp);[] 
 []

) [300]
Chapter 17.
(./pqueue.tex [301

] [302] [303]) (./system.tex [304]) (./stack.tex [305]
[306] [307] [308]) [309] [310

] (./manual.ind [311

]) [312


] (./manual.aux) ) 
Here is how much of TeX's memory you used:
 7628 strings out of 493848
 104370 string characters out of 3149206
 151964 words of memory out of 3000000
 8208 multiletter control sequences out of 15000+200000
 17508 words of font info for 69 fonts, out of 3000000 for 9000
 714 hyphenation exceptions out of 8191
 38i,16n,36p,1646b,495s stack positions out of 5000i,500n,10000p,200000b,50000s
</usr/local/texlive/2009/texmf-dist/fonts/type1/public/amsfon
ts/cm/cmbx10.pfb></usr/local/texlive/2009/texmf-dist/fonts/type1/public/amsfont
s/cm/cmbx12.pfb></usr/local/texlive/2009/texmf-dist/fonts/type1/public/amsfonts
/cm/cmex10.pfb></usr/local/texlive/2009/texmf-dist/fonts/type1/public/amsfonts/
cm/cmmi10.pfb></usr/local/texlive/2009/texmf-dist/fonts/type1/public/amsfonts/c
m/cmmi8.pfb></usr/local/texlive/2009/texmf-dist/fonts/type1/public/amsfonts/cm/
cmr10.pfb></usr/local/texlive/2009/texmf-dist/fonts/type1/public/amsfonts/cm/cm
r12.pfb></usr/local/texlive/2009/texmf-dist/fonts/type1/public/amsfonts/cm/cmr1
7.pfb></usr/local/texlive/2009/texmf-dist/fonts/type1/public/amsfonts/cm/cmr6.p
fb></usr/local/texlive/2009/texmf-dist/fonts/type1/public/amsfonts/cm/cmr8.pfb>
</usr/local/texlive/2009/texmf-dist/fonts/type1/public/amsfonts/cm/cmr9.pfb></u
sr/local/texlive/2009/texmf-dist/fonts/type1/public/amsfonts/cm/cmsl10.pfb></us
r/local/texlive/2009/texmf-dist/fonts/type1/public/amsfonts/cm/cmsy10.pfb></usr
/local/texlive/2009/texmf-dist/fonts/type1/public/amsfonts/cm/cmsy8.pfb></usr/l
ocal/texlive/2009/texmf-dist/fonts/type1/public/amsfonts/cm/cmti10.pfb></usr/lo
cal/texlive/2009/texmf-dist/fonts/type1/public/amsfonts/cm/cmtt10.pfb></usr/loc
al/texlive/2009/texmf-dist/fonts/type1/public/amsfonts/cm/cmtt12.pfb></usr/loca
l/texlive/2009/texmf-dist/fonts/type1/public/doublestroke/dsrom10.pfb>
Output written on manual.pdf (312 pages, 1092568 bytes).
PDF statistics:
 4516 PDF objects out of 5155 (max. 8388607)
 2387 named destinations out of 2487 (max. 500000)
 769 words of extra memory for PDF output out of 10000 (max. 10000000)

