This is pdfTeX, Version 3.1415926-1.40.10 (TeX Live 2009) (format=pdflatex 2009.11.29)  20 FEB 2010 16:32
entering extended mode
 \write18 enabled.
 %&-line parsing enabled.
**Mmadagascar.tex
(./Mmadagascar.tex
LaTeX2e <2009/09/24>
Babel <v3.8l> and hyphenation patterns for english, usenglishmax, dumylang, noh
yphenation, german-x-2009-06-19, ngerman-x-2009-06-19, ancientgreek, ibycus, ar
abic, basque, bulgarian, catalan, pinyin, coptic, croatian, czech, danish, dutc
h, esperanto, estonian, farsi, finnish, french, galician, german, ngerman, mono
greek, greek, hungarian, icelandic, indonesian, interlingua, irish, italian, ku
rmanji, latin, latvian, lithuanian, mongolian, mongolian2a, bokmal, nynorsk, po
lish, portuguese, romanian, russian, sanskrit, serbian, slovak, slovenian, span
ish, swedish, turkish, ukenglish, ukrainian, uppersorbian, welsh, loaded.
(/usr/local/texlive/2009/texmf-dist/tex/latex/base/book.cls
Document Class: book 2007/10/19 v1.4h Standard LaTeX document class
(/usr/local/texlive/2009/texmf-dist/tex/latex/base/bk10.clo
File: bk10.clo 2007/10/19 v1.4h Standard LaTeX file (size option)
)
\c@part=\count79
\c@chapter=\count80
\c@section=\count81
\c@subsection=\count82
\c@subsubsection=\count83
\c@paragraph=\count84
\c@subparagraph=\count85
\c@figure=\count86
\c@table=\count87
\abovecaptionskip=\skip41
\belowcaptionskip=\skip42
\bibindent=\dimen102
)
(/usr/local/texlive/2009/texmf-dist/tex/latex/geometry/geometry.sty
Package: geometry 2008/12/21 v4.2 Page Geometry

(/usr/local/texlive/2009/texmf-dist/tex/latex/graphics/keyval.sty
Package: keyval 1999/03/16 v1.13 key=value parser (DPC)
\KV@toks@=\toks14
)
(/usr/local/texlive/2009/texmf-dist/tex/generic/oberdiek/ifpdf.sty
Package: ifpdf 2009/04/10 v2.0 Provides the ifpdf switch (HO)
Package ifpdf Info: pdfTeX in pdf mode detected.
)
(/usr/local/texlive/2009/texmf-dist/tex/generic/oberdiek/ifvtex.sty
Package: ifvtex 2008/11/04 v1.4 Switches for detecting VTeX and its modes (HO)
Package ifvtex Info: VTeX not detected.
)
\Gm@cnth=\count88
\Gm@cntv=\count89
\c@Gm@tempcnt=\count90
\Gm@bindingoffset=\dimen103
\Gm@wd@mp=\dimen104
\Gm@odd@mp=\dimen105
\Gm@even@mp=\dimen106
\Gm@dimlist=\toks15

(/usr/local/texlive/2009/texmf-dist/tex/xelatex/xetexconfig/geometry.cfg))
(/usr/local/texlive/2009/texmf-dist/tex/latex/base/makeidx.sty
Package: makeidx 2000/03/29 v1.0m Standard LaTeX package
)
\@indexfile=\write3
\openout3 = `Mmadagascar.idx'.


Writing index file Mmadagascar.idx
(/usr/local/texlive/2009/texmf-dist/tex/latex/graphics/graphicx.sty
Package: graphicx 1999/02/16 v1.0f Enhanced LaTeX Graphics (DPC,SPQR)

(/usr/local/texlive/2009/texmf-dist/tex/latex/graphics/graphics.sty
Package: graphics 2009/02/05 v1.0o Standard LaTeX Graphics (DPC,SPQR)

(/usr/local/texlive/2009/texmf-dist/tex/latex/graphics/trig.sty
Package: trig 1999/03/16 v1.09 sin cos tan (DPC)
)
(/usr/local/texlive/2009/texmf-dist/tex/latex/latexconfig/graphics.cfg
File: graphics.cfg 2009/08/28 v1.8 graphics configuration of TeX Live
)
Package graphics Info: Driver file: pdftex.def on input line 91.

(/usr/local/texlive/2009/texmf-dist/tex/latex/pdftex-def/pdftex.def
File: pdftex.def 2009/08/25 v0.04m Graphics/color for pdfTeX
\Gread@gobject=\count91
))
\Gin@req@height=\dimen107
\Gin@req@width=\dimen108
)
(/usr/local/texlive/2009/texmf-dist/tex/latex/amsfonts/amssymb.sty
Package: amssymb 2009/06/22 v3.00

(/usr/local/texlive/2009/texmf-dist/tex/latex/amsfonts/amsfonts.sty
Package: amsfonts 2009/06/22 v3.00 Basic AMSFonts support
\@emptytoks=\toks16
\symAMSa=\mathgroup4
\symAMSb=\mathgroup5
LaTeX Font Info:    Overwriting math alphabet `\mathfrak' in version `bold'
(Font)                  U/euf/m/n --> U/euf/b/n on input line 96.
))
(/usr/local/texlive/2009/texmf-dist/tex/latex/amsmath/amsmath.sty
Package: amsmath 2000/07/18 v2.13 AMS math features
\@mathmargin=\skip43

For additional information on amsmath, use the `?' option.
(/usr/local/texlive/2009/texmf-dist/tex/latex/amsmath/amstext.sty
Package: amstext 2000/06/29 v2.01

(/usr/local/texlive/2009/texmf-dist/tex/latex/amsmath/amsgen.sty
File: amsgen.sty 1999/11/30 v2.0
\@emptytoks=\toks17
\ex@=\dimen109
))
(/usr/local/texlive/2009/texmf-dist/tex/latex/amsmath/amsbsy.sty
Package: amsbsy 1999/11/29 v1.2d
\pmbraise@=\dimen110
)
(/usr/local/texlive/2009/texmf-dist/tex/latex/amsmath/amsopn.sty
Package: amsopn 1999/12/14 v2.01 operator names
)
\inf@bad=\count92
LaTeX Info: Redefining \frac on input line 211.
\uproot@=\count93
\leftroot@=\count94
LaTeX Info: Redefining \overline on input line 307.
\classnum@=\count95
\DOTSCASE@=\count96
LaTeX Info: Redefining \ldots on input line 379.
LaTeX Info: Redefining \dots on input line 382.
LaTeX Info: Redefining \cdots on input line 467.
\Mathstrutbox@=\box26
\strutbox@=\box27
\big@size=\dimen111
LaTeX Font Info:    Redeclaring font encoding OML on input line 567.
LaTeX Font Info:    Redeclaring font encoding OMS on input line 568.
\macc@depth=\count97
\c@MaxMatrixCols=\count98
\dotsspace@=\muskip10
\c@parentequation=\count99
\dspbrk@lvl=\count100
\tag@help=\toks18
\row@=\count101
\column@=\count102
\maxfields@=\count103
\andhelp@=\toks19
\eqnshift@=\dimen112
\alignsep@=\dimen113
\tagshift@=\dimen114
\tagwidth@=\dimen115
\totwidth@=\dimen116
\lineht@=\dimen117
\@envbody=\toks20
\multlinegap=\skip44
\multlinetaggap=\skip45
\mathdisplay@stack=\toks21
LaTeX Info: Redefining \[ on input line 2666.
LaTeX Info: Redefining \] on input line 2667.
)
(/usr/local/texlive/2009/texmf-dist/tex/latex/doublestroke/dsfont.sty
Package: dsfont 1995/08/01 v0.1 Double stroke roman fonts
)
(/usr/local/texlive/2009/texmf-dist/tex/latex/oberdiek/epstopdf.sty
Package: epstopdf 2009/10/17 v2.4 Conversion with epstopdf on the fly (HO)

(/usr/local/texlive/2009/texmf-dist/tex/latex/oberdiek/epstopdf-base.sty
Package: epstopdf-base 2009/10/17 v2.4 Base part for package epstopdf

(/usr/local/texlive/2009/texmf-dist/tex/generic/oberdiek/infwarerr.sty
Package: infwarerr 2007/09/09 v1.2 Providing info/warning/message (HO)
)
(/usr/local/texlive/2009/texmf-dist/tex/latex/oberdiek/grfext.sty
Package: grfext 2007/09/30 v1.0 Managing graphics extensions (HO)
)
(/usr/local/texlive/2009/texmf-dist/tex/latex/oberdiek/kvoptions.sty
Package: kvoptions 2009/08/13 v3.4 Keyval support for LaTeX options (HO)

(/usr/local/texlive/2009/texmf-dist/tex/generic/oberdiek/kvsetkeys.sty
Package: kvsetkeys 2009/07/30 v1.5 Key value parser with default handler suppor
t (HO)

(/usr/local/texlive/2009/texmf-dist/tex/generic/oberdiek/etexcmds.sty
Package: etexcmds 2007/12/12 v1.2 Prefix for e-TeX command names (HO)
Package etexcmds Info: Could not find \expanded.
(etexcmds)             That can mean that you are not using pdfTeX 1.50 or
(etexcmds)             that some package has redefined \expanded.
(etexcmds)             In the latter case, load this package earlier.
)))
(/usr/local/texlive/2009/texmf-dist/tex/generic/oberdiek/pdftexcmds.sty
Package: pdftexcmds 2009/09/23 v0.6 LuaTeX support for pdfTeX utility functions
 (HO)

(/usr/local/texlive/2009/texmf-dist/tex/generic/oberdiek/ifluatex.sty
Package: ifluatex 2009/04/17 v1.2 Provides the ifluatex switch (HO)
Package ifluatex Info: LuaTeX not detected.
)
(/usr/local/texlive/2009/texmf-dist/tex/generic/oberdiek/ltxcmds.sty
Package: ltxcmds 2009/08/05 v1.0 Some LaTeX kernel commands for general use (HO
)
)
Package pdftexcmds Info: LuaTeX not detected.
Package pdftexcmds Info: \pdf@primitive is available.
Package pdftexcmds Info: \pdf@ifprimitive is available.
)
Package grfext Info: Graphics extension search list:
(grfext)             [.png,.pdf,.jpg,.mps,.jpeg,.jbig2,.jb2,.PNG,.PDF,.JPG,.JPE
G,.JBIG2,.JB2,.eps]
(grfext)             \AppendGraphicsExtensions on input line 433.

(/usr/local/texlive/2009/texmf-dist/tex/latex/latexconfig/epstopdf-sys.cfg
File: epstopdf-sys.cfg 2009/10/26 v1.1 Configuration of epstopdf for TeX Live
)))
(/usr/local/texlive/2009/texmf-dist/tex/latex/ncctools/desclist.sty
Package: desclist 2004/11/23 v1.1 Desclist Package (NCC)
)
(/usr/local/texlive/2009/texmf-dist/tex/latex/ltxmisc/url.sty
\Urlmuskip=\muskip11
Package: url 2006/04/12  ver 3.3  Verb mode for urls, etc.
)
(/usr/local/texlive/2009/texmf-dist/tex/latex/hyperref/hyperref.sty
Package: hyperref 2009/10/09 v6.79a Hypertext links for LaTeX

(/usr/local/texlive/2009/texmf-dist/tex/generic/ifxetex/ifxetex.sty
Package: ifxetex 2009/01/23 v0.5 Provides ifxetex conditional
)
(/usr/local/texlive/2009/texmf-dist/tex/latex/oberdiek/hycolor.sty
Package: hycolor 2009/10/02 v1.5 Code for color options of hyperref/bookmark (H
O)

(/usr/local/texlive/2009/texmf-dist/tex/latex/oberdiek/xcolor-patch.sty
Package: xcolor-patch 2009/10/02 xcolor patch
))
\@linkdim=\dimen118
\Hy@linkcounter=\count104
\Hy@pagecounter=\count105

(/usr/local/texlive/2009/texmf-dist/tex/latex/hyperref/pd1enc.def
File: pd1enc.def 2009/10/09 v6.79a Hyperref: PDFDocEncoding definition (HO)
)
(/usr/local/texlive/2009/texmf-dist/tex/latex/latexconfig/hyperref.cfg
File: hyperref.cfg 2002/06/06 v1.2 hyperref configuration of TeXLive
)
Package hyperref Info: Option `bookmarks' set `true' on input line 2864.
Package hyperref Info: Option `hyperindex' set `true' on input line 2864.
Package hyperref Info: Option `colorlinks' set `false' on input line 2864.


Package hyperref Warning: Unexpected value `truepdftitle'
(hyperref)                of option `linktocpage' instead of
(hyperref)                `true' or 'false' on input line 2864.

Package hyperref Info: Hyper figures OFF on input line 2975.
Package hyperref Info: Link nesting OFF on input line 2980.
Package hyperref Info: Hyper index ON on input line 2983.
Package hyperref Info: Plain pages OFF on input line 2990.
Package hyperref Info: Backreferencing OFF on input line 2995.
Implicit mode ON; LaTeX internals redefined
Package hyperref Info: Bookmarks ON on input line 3191.
LaTeX Info: Redefining \url on input line 3428.
(/usr/local/texlive/2009/texmf-dist/tex/generic/oberdiek/bitset.sty
Package: bitset 2007/09/28 v1.0 Data type bit set (HO)

(/usr/local/texlive/2009/texmf-dist/tex/generic/oberdiek/intcalc.sty
Package: intcalc 2007/09/27 v1.1 Expandable integer calculations (HO)
)
(/usr/local/texlive/2009/texmf-dist/tex/generic/oberdiek/bigintcalc.sty
Package: bigintcalc 2007/11/11 v1.1 Expandable big integer calculations (HO)
))
\Fld@menulength=\count106
\Field@Width=\dimen119
\Fld@charsize=\dimen120
\Field@toks=\toks22
Package hyperref Info: Hyper figures OFF on input line 4377.
Package hyperref Info: Link nesting OFF on input line 4382.
Package hyperref Info: Hyper index ON on input line 4385.
Package hyperref Info: backreferencing OFF on input line 4392.
Package hyperref Info: Link coloring OFF on input line 4397.
Package hyperref Info: Link coloring with OCG OFF on input line 4402.
Package hyperref Info: PDF/A mode OFF on input line 4407.

(/usr/local/texlive/2009/texmf-dist/tex/generic/oberdiek/atbegshi.sty
Package: atbegshi 2008/07/31 v1.9 At begin shipout hook (HO)
)
\Hy@abspage=\count107
\c@Item=\count108
\c@Hfootnote=\count109
)

Package hyperref Warning: Wrong driver `hdvips.def';
(hyperref)                pdfTeX is running in PDF mode.
(hyperref)                Forcing driver `hpdftex.def'.

*hyperref using driver hpdftex*
(/usr/local/texlive/2009/texmf-dist/tex/latex/hyperref/hpdftex.def
File: hpdftex.def 2009/10/09 v6.79a Hyperref driver for pdfTeX
\Fld@listcount=\count110
)
(./Mmadagascar.aux)
\openout1 = `Mmadagascar.aux'.

LaTeX Font Info:    Checking defaults for OML/cmm/m/it on input line 49.
LaTeX Font Info:    ... okay on input line 49.
LaTeX Font Info:    Checking defaults for T1/cmr/m/n on input line 49.
LaTeX Font Info:    ... okay on input line 49.
LaTeX Font Info:    Checking defaults for OT1/cmr/m/n on input line 49.
LaTeX Font Info:    ... okay on input line 49.
LaTeX Font Info:    Checking defaults for OMS/cmsy/m/n on input line 49.
LaTeX Font Info:    ... okay on input line 49.
LaTeX Font Info:    Checking defaults for OMX/cmex/m/n on input line 49.
LaTeX Font Info:    ... okay on input line 49.
LaTeX Font Info:    Checking defaults for U/cmr/m/n on input line 49.
LaTeX Font Info:    ... okay on input line 49.
LaTeX Font Info:    Checking defaults for PD1/pdf/m/n on input line 49.
LaTeX Font Info:    ... okay on input line 49.

*geometry auto-detecting driver*
*geometry detected driver: pdftex*
-------------------- Geometry parameters
paper: a4paper
landscape: --
twocolumn: --
twoside: true
asymmetric: --
h-parts: 71.70166pt, 0.7\paperwidth , 107.55254pt (default)
v-parts: 101.40665pt, 0.7\paperheight , 152.11pt (default)
hmarginratio: 2:3
vmarginratio: 2:3
lines: --
heightrounded: --
bindingoffset: 0.0pt
truedimen: --
includehead: --
includefoot: --
includemp: --
driver: pdftex
-------------------- Page layout dimensions and switches
\paperwidth  597.50787pt
\paperheight 845.04684pt
\textwidth  418.25368pt
\textheight 591.5302pt
\oddsidemargin  -0.56833pt
\evensidemargin 35.28255pt
\topmargin  -0.93083pt
\headheight 12.0pt
\headsep    18.06749pt
\footskip   25.29494pt
\marginparwidth 125.0pt
\marginparsep   7.0pt
\columnsep  10.0pt
\skip\footins  9.0pt plus 4.0pt minus 2.0pt
\hoffset 0.0pt
\voffset 0.0pt
\mag 1000
\@twosidetrue \@mparswitchtrue 
(1in=72.27pt, 1cm=28.45pt)
-----------------------
(/usr/local/texlive/2009/texmf-dist/tex/context/base/supp-pdf.mkii
[Loading MPS to PDF converter (version 2006.09.02).]
\scratchcounter=\count111
\scratchdimen=\dimen121
\scratchbox=\box28
\nofMPsegments=\count112
\nofMParguments=\count113
\everyMPshowfont=\toks23
\MPscratchCnt=\count114
\MPscratchDim=\dimen122
\MPnumerator=\count115
\everyMPtoPDFconversion=\toks24
)
Package hyperref Info: Link coloring OFF on input line 49.
 (/usr/local/texlive/2009/texmf-dist/tex/latex/hyperref/nameref.sty
Package: nameref 2007/05/29 v2.31 Cross-referencing by name of section

(/usr/local/texlive/2009/texmf-dist/tex/latex/oberdiek/refcount.sty
Package: refcount 2008/08/11 v3.1 Data extraction from references (HO)
)
\c@section@level=\count116
)
LaTeX Info: Redefining \ref on input line 49.
LaTeX Info: Redefining \pageref on input line 49.

(./Mmadagascar.out) (./Mmadagascar.out)
\@outlinefile=\write4
\openout4 = `Mmadagascar.out'.

\AtBeginShipoutBox=\box29
LaTeX Font Info:    Try loading font information for U+msa on input line 52.

(/usr/local/texlive/2009/texmf-dist/tex/latex/amsfonts/umsa.fd
File: umsa.fd 2009/06/22 v3.00 AMS symbols A
)
LaTeX Font Info:    Try loading font information for U+msb on input line 52.

(/usr/local/texlive/2009/texmf-dist/tex/latex/amsfonts/umsb.fd
File: umsb.fd 2009/06/22 v3.00 AMS symbols B
) [1


{/Users/user1085/Library/texmf/fonts/map/pdftex/updmap/pdftex.map}] [2

] (./Mmadagascar.toc
[3

] [4])
\tf@toc=\write5
\openout5 = `Mmadagascar.toc'.

 [5] [6

] (./preface.tex [7

]) [8]
Chapter 1.
(./intro.tex) [9

] [10

]
Chapter 2.
(./example_fd.tex [11]
Underfull \vbox (badness 10000) has occurred while \output is active []

 [12]
Underfull \vbox (badness 10000) has occurred while \output is active []

 [13]
[14] [15] [16]
Overfull \hbox (15.43988pt too wide) in paragraph at lines 327--329
\OT1/cmr/m/n/10 and thus serves the pur-pose of fill-ing the val-ues at \OT1/cm
tt/m/n/10 ix,iz=0 \OT1/cmr/m/n/10 and \OT1/cmtt/m/n/10 ix-2,ix-1=0 \OT1/cmr/m/n
/10 and \OT1/cmtt/m/n/10 iz-2,iz-1=0\OT1/cmr/m/n/10 . 
 []

[17] [18]) [19] [20

]
Chapter 3.
(./data_types.tex
Missing character: There is no Ô in font cmr10!
Missing character: There is no Õ in font cmr10!
 [21]
Overfull \hbox (0.41003pt too wide) in paragraph at lines 59--60
\OT1/cmr/m/n/10 ters pre-cisely as \OT1/cmtt/m/n/10 (bool, bool, int, int, floa
t*, const float*, float*, const float*)\OT1/cmr/m/n/10 .
 []

[22] [23]
Missing character: There is no Ò in font cmr10!
Missing character: There is no Ó in font cmr10!
) [24] [25] [26

]
Chapter 4.
(./alloc.tex [27] [28] [29] [30] [31]
Overfull \hbox (0.37857pt too wide) in paragraph at lines 319--320
\OT1/cmr/m/n/10 Allocates a 3D ar-ray in the mem-ory for the \OT1/cmtt/m/n/10 s
f[]complex \OT1/cmr/m/n/10 type. It works just like []\OT1/cmtt/m/n/10 sf[]comp
lexalloc2[]
 []


Overfull \hbox (25.23915pt too wide) in paragraph at lines 319--320
\OT1/cmr/m/n/10 but does it for three di-men-sions. This is done by ex-tend-ing
 the same ar-gu-ment as for \OT1/cmtt/m/n/10 sf[]complexalloc2
 []

[32]
Overfull \hbox (0.37857pt too wide) in paragraph at lines 353--354
\OT1/cmr/m/n/10 Allocates a 4D ar-ray in the mem-ory for the \OT1/cmtt/m/n/10 s
f[]complex \OT1/cmr/m/n/10 type. It works just like []\OT1/cmtt/m/n/10 sf[]comp
lexalloc2[]
 []


Overfull \hbox (20.51695pt too wide) in paragraph at lines 353--354
\OT1/cmr/m/n/10 but does it for four di-men-sions. This is done by ex-tend-ing 
the same ar-gu-ment as for \OT1/cmtt/m/n/10 sf[]complexalloc2
 []

[33] [34] [35] [36] [37] [38] [39] [40]
Overfull \hbox (2.76694pt too wide) in paragraph at lines 838--839
\OT1/cmr/m/n/10 does it for three di-men-sions. This is done by ex-tend-ing the
 same ar-gu-ment as for \OT1/cmtt/m/n/10 sf[]uncharalloc2
 []

[41]) (./simtab.tex [42] [43] [44]
Overfull \hbox (1.74266pt too wide) in paragraph at lines 154--154
[]\OT1/cmtt/m/n/10 bool sf_simtab_getlargeint (sf_simtab table, const char* key
,/*@out@*/ off_t* pa[] 
 []

[45]
Overfull \hbox (1.74266pt too wide) in paragraph at lines 219--219
[]\OT1/cmtt/m/n/10 bool sf_simtab_getdouble (sf_simtab table, const char* key,/
*@out@*/ double* par[] 
 []

[46] [47]
Overfull \hbox (6.99261pt too wide) in paragraph at lines 348--348
[]\OT1/cmtt/m/n/10 sf_simtab_getbools (sf_simtab table, const char* key,/*@out@
*/bool *par,size_t n)[] 
 []

[48] [49] [50]) (./getpar.tex [51] [52] [53] [54] [55] [56] [57] [58] [59])
[60]
Chapter 5.
(./file.tex [61

] [62] [63] [64] [65] [66] [67] [68] [69] [70] [71] [72]
[73] [74] [75] [76] [77] [78] [79] [80] [81] [82] [83] [84] [85]) (./files.tex
[86] [87] [88] [89] [90]) (./komplex.tex [91] [92] [93] [94] [95] [96] [97]
[98] [99] [100] [101] [102] [103] [104] [105] [106] [107] [108] [109] [110])
[111] [112

]
Chapter 6.
(./error.tex
Overfull \hbox (12.24257pt too wide) in paragraph at lines 24--24
[]    \OT1/cmtt/m/n/10 Format and variable arguments follow printf convention. 
Additionally, a ':' at[] 
 []

[113]) [114]
Chapter 7.
(./lop_intro.tex [115

]
LaTeX Font Info:    Try loading font information for U+dsrom on input line 18.

(/usr/local/texlive/2009/texmf-dist/tex/latex/doublestroke/Udsrom.fd
File: Udsrom.fd 1995/08/01 v0.1 Double stroke roman font definitions
) [116]
[117]) (./adjnull.tex [118] [119]) (./copy.tex) (./ccopy.tex
Overfull \hbox (23.33739pt too wide) in paragraph at lines 1--1
[]\OT1/cmr/bx/n/14.4 Simple iden-tity (copy) op-er-a-tor for com-plex data (cco
py.c) 
 []

[120]) (./mask.tex
Overfull \hbox (4.58794pt too wide) in paragraph at lines 13--14
\OT1/cmr/m/n/10 Initializes the static vari-able \OT1/cmtt/m/n/10 m \OT1/cmr/m/
n/10 with boolean val-ues, to be used in the \OT1/cmtt/m/n/10 sf[]mask[]lop \OT
1/cmr/m/n/10 or \OT1/cmtt/m/n/10 sf[]cmask[]lop\OT1/cmr/m/n/10 . 
 []

[121] [122]) (./weight.tex [123] [124]) (./igrad1.tex [125]) (./causint.tex
[126]) (./chain.tex [127] [128] [129] [130] [131]) (./dottest.tex) [132]
Chapter 8.
(./kiss_fftr.tex
Overfull \hbox (12.24257pt too wide) in paragraph at lines 15--15
[]\OT1/cmtt/m/n/10 kiss_fftr_cfg kiss_fftr_alloc(int nfft,int inverse_fft,void 
* mem,size_t * lenmem)[] 
 []

[133

]
Overfull \hbox (1.74266pt too wide) in paragraph at lines 59--59
[]\OT1/cmtt/m/n/10 void kiss_fftr(kiss_fftr_cfg st,const kiss_fft_scalar *timed
ata,kiss_fft_cpx *fr[] 
 []


Overfull \hbox (1.74266pt too wide) in paragraph at lines 59--59
[]     \OT1/cmtt/m/n/10 * contains the sum of the even-numbered elements of the
 input time sequence[] 
 []


Overfull \hbox (54.2422pt too wide) in paragraph at lines 59--59
[]     \OT1/cmtt/m/n/10 * The difference of tdc.r - tdc.i is the sum of the inp
ut (dot product) [1,-1,1,-1...[] 
 []


Overfull \hbox (1.74266pt too wide) in paragraph at lines 85--85
[]\OT1/cmtt/m/n/10 void kiss_fftri(kiss_fftr_cfg st,const kiss_fft_cpx *freqdat
a,kiss_fft_scalar *t[] 
 []

[134]) (./tent2.tex) (./impl2.tex [135] [136] [137]) [138]
Chapter 9.
(./freqfilt.tex [139

] [140]) (./freqfilt2.tex [141] [142] [143]) (./helicon.tex [144]) (./helix.tex
 [145]) (./recfilt.tex [146]) (./cosft.tex [147] [148])
[149] [150

]
Chapter 10.
(./banded.tex [151] [152]
Overfull \hbox (6.99261pt too wide) in paragraph at lines 111--111
[]                                     \OT1/cmtt/m/n/10 const float* offd /* of
f-diagonal [band] */)[] 
 []

[153]) (./cgstep.tex [154]) (./conjgrad.tex [155] [156]) (./conjprec.tex
[157]) (./ccgstep.tex [158] [159]) (./cconjgrad.tex [160]
Overfull \hbox (136.57751pt too wide) has occurred while \output is active
\OT1/cmr/m/sl/10 10.6.  CONJUGATE-GRADIENT WITH SHAPING REGULARIZATION FOR COMP
LEX NUMBERS (CCONJGRAD.C) \OT1/cmr/m/n/10 161
 []

[161]) (./cdstep.tex [162] [163] [164]) (./llist.tex
Overfull \hbox (9.494pt too wide) has occurred while \output is active
\OT1/cmr/m/sl/10 10.8.  LINKED LIST FOR USE IN CONJUGATE-DIRECTION-TYPE METHODS
 (LLIST.C) \OT1/cmr/m/n/10 165
 []

[165] [166]
Overfull \hbox (9.494pt too wide) has occurred while \output is active
\OT1/cmr/m/sl/10 10.8.  LINKED LIST FOR USE IN CONJUGATE-DIRECTION-TYPE METHODS
 (LLIST.C) \OT1/cmr/m/n/10 167
 []

[167]) (./ccdstep.tex [168]
Overfull \hbox (7.55174pt too wide) has occurred while \output is active
\OT1/cmr/m/sl/10 10.9.  CONJUGATE-DIRECTION ITERATION FOR COMPLEX NUMBERS (CCDS
TEP.C) \OT1/cmr/m/n/10 169
 []

[169]) (./clist.tex
Overfull \hbox (15.12581pt too wide) in paragraph at lines 1--1
[]\OT1/cmr/bx/n/14.4 Linked list for conjugate-direction-type meth-ods (com-
 []

[170] [171] [172]) (./quadratic.tex [173]) (./fzero.tex [174]) (./runge.tex
Overfull \hbox (6.99261pt too wide) in paragraph at lines 36--36
[]   \OT1/cmtt/m/n/10 \item[d1]   number of time steps for performing the raytr
acing (\texttt{int}).[] 
 []

[175] [176]
Overfull \hbox (33.24239pt too wide) in paragraph at lines 102--102
[]\OT1/cmtt/m/n/10 it = sf_ode23_step (y, par, (*rhs)(void*,float*,float*), (*t
erm)(void*,float*), traj);[] 
 []

) (./tinysolver.tex [177]) (./bigsolver.tex [178]
Overfull \hbox (58.93965pt too wide) has occurred while \output is active
\OT1/cmr/m/sl/10 10.15.  SOLVER FUNCTIONS FOR ITERATIVE LEAST-SQUARES OPTIMIZAT
ION (BIGSOLVER.C) \OT1/cmr/m/n/10 179
 []

[179] [180]
Overfull \hbox (58.93965pt too wide) has occurred while \output is active
\OT1/cmr/m/sl/10 10.15.  SOLVER FUNCTIONS FOR ITERATIVE LEAST-SQUARES OPTIMIZAT
ION (BIGSOLVER.C) \OT1/cmr/m/n/10 181
 []

[181] [182]
Overfull \hbox (58.93965pt too wide) has occurred while \output is active
\OT1/cmr/m/sl/10 10.15.  SOLVER FUNCTIONS FOR ITERATIVE LEAST-SQUARES OPTIMIZAT
ION (BIGSOLVER.C) \OT1/cmr/m/n/10 183
 []

[183] [184]
Overfull \hbox (58.93965pt too wide) has occurred while \output is active
\OT1/cmr/m/sl/10 10.15.  SOLVER FUNCTIONS FOR ITERATIVE LEAST-SQUARES OPTIMIZAT
ION (BIGSOLVER.C) \OT1/cmr/m/n/10 185
 []

[185]) (./irls.tex [186]) (./tridiagonal.tex [187] [188] [189]) [190]
Chapter 11.
(./int1.tex [191

]
Overfull \hbox (1.74266pt too wide) in paragraph at lines 84--84
[]\OT1/cmtt/m/n/10 void  sf_cint1_lop (bool adj, bool add, int nm, int ny, sf_c
omplex* x, sf_comple[] 
 []

[192]) (./int2.tex [193]) (./int3.tex [194] [195]) (./interp.tex [196] [197])
(./prefilter.tex [198]
Overfull \hbox (89.00583pt too wide) has occurred while \output is active
\OT1/cmr/m/sl/10 11.5.  CONVERT DATA TO B-SPLINE COEFFICIENTS BY FAST B-SPLINE 
TRANSFORM (PREFILTER.C) \OT1/cmr/m/n/10 199
 []

[199]) (./spline.tex [200] [201]) (./stretch.tex [202] [203]
Overfull \hbox (10.49078pt too wide) in paragraph at lines 70--71
\OT1/cmr/m/n/10 Converts the or-di-nates (\OT1/cmtt/m/n/10 ord\OT1/cmr/m/n/10 )
 de-fined in the in-put to model (\OT1/cmtt/m/n/10 mod\OT1/cmr/m/n/10 ). It use
s the []\OT1/cmtt/m/n/10 sf[]tridiagonal[]solve[]
 []

[204]) (./eno.tex [205] [206]) (./eno2.tex [207] [208]) (./pweno.tex [209]
[210]
Overfull \hbox (12.24257pt too wide) in paragraph at lines 108--108
[]\OT1/cmtt/m/n/10 void sf_pweno_set (sf_pweno ent, float* c /* data [n] */, in
t p /* power order */)[] 
 []

[211]) [212]
Chapter 12.
(./triangle1.tex [213

]) (./triangle2.tex [214] [215]) (./triangle.tex [216]
[217] [218] [219] [220]) (./edge.tex [221] [222]) [223] [224

]
Chapter 13.
(./celltrace.tex [225] [226]) (./cell.tex [227] [228] [229] [230] [231]
[232]) [233] [234

]
Chapter 14.
(./deriv.tex [235]) (./quantile.tex
Overfull \hbox (7.10074pt too wide) in paragraph at lines 1--1
[]\OT1/cmr/bx/n/14.4 Computing quan-tiles by Hoare's al-go-rithm (quan-tile.c) 

 []

[236]) (./randn.tex
Overfull \hbox (39.84352pt too wide) has occurred while \output is active
\OT1/cmr/m/sl/10 14.3.  PSEUDO-RANDOM NUMBERS: UNIFORM AND NORMALLY DISTRIBUTED
 (RANDN.C) \OT1/cmr/m/n/10 237
 []

[237]) (./math1.tex [238] [239] [240] [241]) [242]
Chapter 15.
(./point.tex [243

] [244] [245] [246] [247] [248] [249] [250]) (./vector.tex
[251] [252] [253] [254] [255] [256]) (./decart.tex
Overfull \hbox (72.47801pt too wide) has occurred while \output is active
\OT1/cmr/m/sl/10 15.3.  CONVERSION BETWEEN LINE AND CARTESIAN COORDINATES OF A 
VECTOR (DECART.C) \OT1/cmr/m/n/10 257
 []

[257] [258]
Overfull \hbox (72.47801pt too wide) has occurred while \output is active
\OT1/cmr/m/sl/10 15.3.  CONVERSION BETWEEN LINE AND CARTESIAN COORDINATES OF A 
VECTOR (DECART.C) \OT1/cmr/m/n/10 259
 []

[259]) (./axa.tex [260] [261] [262] [263] [264] [265]) [266]
Chapter 16.
(./sharpen.tex [267

]) (./sharpinv.tex
Overfull \hbox (39.45906pt too wide) in paragraph at lines 1--1
[]\OT1/cmr/bx/n/14.4 Sharpening in-ver-sion added Breg-man it-er-a-tion (sharpi
nv.c) 
 []

[268] [269]) [270]
Chapter 17.
(./pqueue.tex [271

] [272] [273]) (./system.tex) (./stack.tex [274] [275]
[276] [277] [278]) [279] [280

] (./Mmadagascar.ind [281


]) [282


]
(./Mmadagascar.aux) ) 
Here is how much of TeX's memory you used:
 8333 strings out of 493848
 114579 string characters out of 3149206
 170367 words of memory out of 3000000
 8916 multiletter control sequences out of 15000+200000
 15471 words of font info for 62 fonts, out of 3000000 for 9000
 714 hyphenation exceptions out of 8191
 41i,16n,36p,1651b,495s stack positions out of 5000i,500n,10000p,200000b,50000s
</usr/local/texlive/2009/texmf-dist/fonts/type1/public/ams
fonts/cm/cmbx10.pfb></usr/local/texlive/2009/texmf-dist/fonts/type1/public/amsf
onts/cm/cmbx12.pfb></usr/local/texlive/2009/texmf-dist/fonts/type1/public/amsfo
nts/cm/cmex10.pfb></usr/local/texlive/2009/texmf-dist/fonts/type1/public/amsfon
ts/cm/cmmi10.pfb></usr/local/texlive/2009/texmf-dist/fonts/type1/public/amsfont
s/cm/cmmi7.pfb></usr/local/texlive/2009/texmf-dist/fonts/type1/public/amsfonts/
cm/cmr10.pfb></usr/local/texlive/2009/texmf-dist/fonts/type1/public/amsfonts/cm
/cmr12.pfb></usr/local/texlive/2009/texmf-dist/fonts/type1/public/amsfonts/cm/c
mr17.pfb></usr/local/texlive/2009/texmf-dist/fonts/type1/public/amsfonts/cm/cmr
6.pfb></usr/local/texlive/2009/texmf-dist/fonts/type1/public/amsfonts/cm/cmr7.p
fb></usr/local/texlive/2009/texmf-dist/fonts/type1/public/amsfonts/cm/cmr8.pfb>
</usr/local/texlive/2009/texmf-dist/fonts/type1/public/amsfonts/cm/cmsl10.pfb><
/usr/local/texlive/2009/texmf-dist/fonts/type1/public/amsfonts/cm/cmsy10.pfb></
usr/local/texlive/2009/texmf-dist/fonts/type1/public/amsfonts/cm/cmsy7.pfb></us
r/local/texlive/2009/texmf-dist/fonts/type1/public/amsfonts/cm/cmti10.pfb></usr
/local/texlive/2009/texmf-dist/fonts/type1/public/amsfonts/cm/cmtt10.pfb></usr/
local/texlive/2009/texmf-dist/fonts/type1/public/amsfonts/cm/cmtt12.pfb></usr/l
ocal/texlive/2009/texmf-dist/fonts/type1/public/doublestroke/dsrom10.pfb>
Output written on Mmadagascar.pdf (282 pages, 1056574 bytes).
PDF statistics:
 4382 PDF objects out of 5155 (max. 8388607)
 2357 named destinations out of 2487 (max. 500000)
 769 words of extra memory for PDF output out of 10000 (max. 10000000)

